<?xml version="1.0" encoding="UTF-8"?>
<testsuite xmlns:xsi="http://www.w3.org/2001/XMLSchema-instance" xsi:noNamespaceSchemaLocation="https://maven.apache.org/surefire/maven-surefire-plugin/xsd/surefire-test-report-3.0.xsd" version="3.0" name="com.KafkaConsumer.Consumer.ConsumerApplicationTests" time="6.338" tests="1" errors="0" skipped="0" failures="0">
  <properties>
    <property name="java.specification.version" value="17"/>
    <property name="sun.jnu.encoding" value="UTF-8"/>
    <property name="java.class.path" value="/Users/venkata.attala/Downloads/Consumer/target/test-classes:/Users/venkata.attala/Downloads/Consumer/target/classes:/Users/venkata.attala/.m2/repository/org/springframework/boot/spring-boot-starter-data-jpa/3.1.2-SNAPSHOT/spring-boot-starter-data-jpa-3.1.2-SNAPSHOT.jar:/Users/venkata.attala/.m2/repository/org/springframework/boot/spring-boot-starter-aop/3.1.2-SNAPSHOT/spring-boot-starter-aop-3.1.2-SNAPSHOT.jar:/Users/venkata.attala/.m2/repository/org/springframework/spring-aop/6.0.11-SNAPSHOT/spring-aop-6.0.11-SNAPSHOT.jar:/Users/venkata.attala/.m2/repository/org/aspectj/aspectjweaver/1.9.19/aspectjweaver-1.9.19.jar:/Users/venkata.attala/.m2/repository/org/springframework/boot/spring-boot-starter-jdbc/3.1.2-SNAPSHOT/spring-boot-starter-jdbc-3.1.2-SNAPSHOT.jar:/Users/venkata.attala/.m2/repository/com/zaxxer/HikariCP/5.0.1/HikariCP-5.0.1.jar:/Users/venkata.attala/.m2/repository/org/springframework/spring-jdbc/6.0.11-SNAPSHOT/spring-jdbc-6.0.11-SNAPSHOT.jar:/Users/venkata.attala/.m2/repository/org/hibernate/orm/hibernate-core/6.2.5.Final/hibernate-core-6.2.5.Final.jar:/Users/venkata.attala/.m2/repository/jakarta/persistence/jakarta.persistence-api/3.1.0/jakarta.persistence-api-3.1.0.jar:/Users/venkata.attala/.m2/repository/jakarta/transaction/jakarta.transaction-api/2.0.1/jakarta.transaction-api-2.0.1.jar:/Users/venkata.attala/.m2/repository/org/jboss/logging/jboss-logging/3.5.1.Final/jboss-logging-3.5.1.Final.jar:/Users/venkata.attala/.m2/repository/org/hibernate/common/hibernate-commons-annotations/6.0.6.Final/hibernate-commons-annotations-6.0.6.Final.jar:/Users/venkata.attala/.m2/repository/io/smallrye/jandex/3.0.5/jandex-3.0.5.jar:/Users/venkata.attala/.m2/repository/com/fasterxml/classmate/1.5.1/classmate-1.5.1.jar:/Users/venkata.attala/.m2/repository/net/bytebuddy/byte-buddy/1.14.5/byte-buddy-1.14.5.jar:/Users/venkata.attala/.m2/repository/org/glassfish/jaxb/jaxb-runtime/4.0.3/jaxb-runtime-4.0.3.jar:/Users/venkata.attala/.m2/repository/org/glassfish/jaxb/jaxb-core/4.0.3/jaxb-core-4.0.3.jar:/Users/venkata.attala/.m2/repository/org/eclipse/angus/angus-activation/2.0.1/angus-activation-2.0.1.jar:/Users/venkata.attala/.m2/repository/org/glassfish/jaxb/txw2/4.0.3/txw2-4.0.3.jar:/Users/venkata.attala/.m2/repository/com/sun/istack/istack-commons-runtime/4.1.2/istack-commons-runtime-4.1.2.jar:/Users/venkata.attala/.m2/repository/jakarta/inject/jakarta.inject-api/2.0.1/jakarta.inject-api-2.0.1.jar:/Users/venkata.attala/.m2/repository/org/antlr/antlr4-runtime/4.10.1/antlr4-runtime-4.10.1.jar:/Users/venkata.attala/.m2/repository/org/springframework/data/spring-data-jpa/3.1.2-SNAPSHOT/spring-data-jpa-3.1.2-SNAPSHOT.jar:/Users/venkata.attala/.m2/repository/org/springframework/data/spring-data-commons/3.1.2-SNAPSHOT/spring-data-commons-3.1.2-SNAPSHOT.jar:/Users/venkata.attala/.m2/repository/org/springframework/spring-orm/6.0.11-SNAPSHOT/spring-orm-6.0.11-SNAPSHOT.jar:/Users/venkata.attala/.m2/repository/org/springframework/spring-beans/6.0.11-SNAPSHOT/spring-beans-6.0.11-SNAPSHOT.jar:/Users/venkata.attala/.m2/repository/jakarta/annotation/jakarta.annotation-api/2.1.1/jakarta.annotation-api-2.1.1.jar:/Users/venkata.attala/.m2/repository/org/slf4j/slf4j-api/2.0.7/slf4j-api-2.0.7.jar:/Users/venkata.attala/.m2/repository/org/springframework/spring-aspects/6.0.11-SNAPSHOT/spring-aspects-6.0.11-SNAPSHOT.jar:/Users/venkata.attala/.m2/repository/org/springframework/boot/spring-boot-starter-validation/3.1.2-SNAPSHOT/spring-boot-starter-validation-3.1.2-SNAPSHOT.jar:/Users/venkata.attala/.m2/repository/org/springframework/boot/spring-boot-starter/3.1.2-SNAPSHOT/spring-boot-starter-3.1.2-SNAPSHOT.jar:/Users/venkata.attala/.m2/repository/org/springframework/boot/spring-boot/3.1.2-SNAPSHOT/spring-boot-3.1.2-SNAPSHOT.jar:/Users/venkata.attala/.m2/repository/org/springframework/boot/spring-boot-autoconfigure/3.1.2-SNAPSHOT/spring-boot-autoconfigure-3.1.2-SNAPSHOT.jar:/Users/venkata.attala/.m2/repository/org/springframework/boot/spring-boot-starter-logging/3.1.2-SNAPSHOT/spring-boot-starter-logging-3.1.2-SNAPSHOT.jar:/Users/venkata.attala/.m2/repository/ch/qos/logback/logback-classic/1.4.8/logback-classic-1.4.8.jar:/Users/venkata.attala/.m2/repository/ch/qos/logback/logback-core/1.4.8/logback-core-1.4.8.jar:/Users/venkata.attala/.m2/repository/org/apache/logging/log4j/log4j-to-slf4j/2.20.0/log4j-to-slf4j-2.20.0.jar:/Users/venkata.attala/.m2/repository/org/apache/logging/log4j/log4j-api/2.20.0/log4j-api-2.20.0.jar:/Users/venkata.attala/.m2/repository/org/slf4j/jul-to-slf4j/2.0.7/jul-to-slf4j-2.0.7.jar:/Users/venkata.attala/.m2/repository/org/yaml/snakeyaml/1.33/snakeyaml-1.33.jar:/Users/venkata.attala/.m2/repository/org/apache/tomcat/embed/tomcat-embed-el/10.1.10/tomcat-embed-el-10.1.10.jar:/Users/venkata.attala/.m2/repository/org/hibernate/validator/hibernate-validator/8.0.0.Final/hibernate-validator-8.0.0.Final.jar:/Users/venkata.attala/.m2/repository/jakarta/validation/jakarta.validation-api/3.0.2/jakarta.validation-api-3.0.2.jar:/Users/venkata.attala/.m2/repository/org/springframework/boot/spring-boot-starter-web/3.1.2-SNAPSHOT/spring-boot-starter-web-3.1.2-SNAPSHOT.jar:/Users/venkata.attala/.m2/repository/org/springframework/boot/spring-boot-starter-json/3.1.2-SNAPSHOT/spring-boot-starter-json-3.1.2-SNAPSHOT.jar:/Users/venkata.attala/.m2/repository/com/fasterxml/jackson/core/jackson-databind/2.15.2/jackson-databind-2.15.2.jar:/Users/venkata.attala/.m2/repository/com/fasterxml/jackson/core/jackson-annotations/2.15.2/jackson-annotations-2.15.2.jar:/Users/venkata.attala/.m2/repository/com/fasterxml/jackson/core/jackson-core/2.15.2/jackson-core-2.15.2.jar:/Users/venkata.attala/.m2/repository/com/fasterxml/jackson/datatype/jackson-datatype-jdk8/2.15.2/jackson-datatype-jdk8-2.15.2.jar:/Users/venkata.attala/.m2/repository/com/fasterxml/jackson/datatype/jackson-datatype-jsr310/2.15.2/jackson-datatype-jsr310-2.15.2.jar:/Users/venkata.attala/.m2/repository/com/fasterxml/jackson/module/jackson-module-parameter-names/2.15.2/jackson-module-parameter-names-2.15.2.jar:/Users/venkata.attala/.m2/repository/org/springframework/boot/spring-boot-starter-tomcat/3.1.2-SNAPSHOT/spring-boot-starter-tomcat-3.1.2-SNAPSHOT.jar:/Users/venkata.attala/.m2/repository/org/apache/tomcat/embed/tomcat-embed-core/10.1.10/tomcat-embed-core-10.1.10.jar:/Users/venkata.attala/.m2/repository/org/apache/tomcat/embed/tomcat-embed-websocket/10.1.10/tomcat-embed-websocket-10.1.10.jar:/Users/venkata.attala/.m2/repository/org/springframework/spring-web/6.0.11-SNAPSHOT/spring-web-6.0.11-SNAPSHOT.jar:/Users/venkata.attala/.m2/repository/org/springframework/spring-webmvc/6.0.11-SNAPSHOT/spring-webmvc-6.0.11-SNAPSHOT.jar:/Users/venkata.attala/.m2/repository/org/springframework/spring-expression/6.0.11-SNAPSHOT/spring-expression-6.0.11-SNAPSHOT.jar:/Users/venkata.attala/.m2/repository/org/springframework/kafka/spring-kafka/3.0.9-SNAPSHOT/spring-kafka-3.0.9-SNAPSHOT.jar:/Users/venkata.attala/.m2/repository/org/springframework/spring-context/6.0.11-SNAPSHOT/spring-context-6.0.11-SNAPSHOT.jar:/Users/venkata.attala/.m2/repository/org/springframework/spring-messaging/6.0.11-SNAPSHOT/spring-messaging-6.0.11-SNAPSHOT.jar:/Users/venkata.attala/.m2/repository/org/springframework/spring-tx/6.0.11-SNAPSHOT/spring-tx-6.0.11-SNAPSHOT.jar:/Users/venkata.attala/.m2/repository/org/springframework/retry/spring-retry/2.0.2/spring-retry-2.0.2.jar:/Users/venkata.attala/.m2/repository/org/apache/kafka/kafka-clients/3.4.1/kafka-clients-3.4.1.jar:/Users/venkata.attala/.m2/repository/com/github/luben/zstd-jni/1.5.2-1/zstd-jni-1.5.2-1.jar:/Users/venkata.attala/.m2/repository/org/lz4/lz4-java/1.8.0/lz4-java-1.8.0.jar:/Users/venkata.attala/.m2/repository/org/xerial/snappy/snappy-java/1.1.8.4/snappy-java-1.1.8.4.jar:/Users/venkata.attala/.m2/repository/io/micrometer/micrometer-observation/1.11.2-SNAPSHOT/micrometer-observation-1.11.2-SNAPSHOT.jar:/Users/venkata.attala/.m2/repository/io/micrometer/micrometer-commons/1.11.2-SNAPSHOT/micrometer-commons-1.11.2-SNAPSHOT.jar:/Users/venkata.attala/.m2/repository/com/google/code/findbugs/jsr305/3.0.2/jsr305-3.0.2.jar:/Users/venkata.attala/.m2/repository/com/h2database/h2/2.1.214/h2-2.1.214.jar:/Users/venkata.attala/.m2/repository/org/springframework/boot/spring-boot-starter-test/3.1.2-SNAPSHOT/spring-boot-starter-test-3.1.2-SNAPSHOT.jar:/Users/venkata.attala/.m2/repository/org/springframework/boot/spring-boot-test/3.1.2-SNAPSHOT/spring-boot-test-3.1.2-SNAPSHOT.jar:/Users/venkata.attala/.m2/repository/org/springframework/boot/spring-boot-test-autoconfigure/3.1.2-SNAPSHOT/spring-boot-test-autoconfigure-3.1.2-SNAPSHOT.jar:/Users/venkata.attala/.m2/repository/com/jayway/jsonpath/json-path/2.8.0/json-path-2.8.0.jar:/Users/venkata.attala/.m2/repository/jakarta/xml/bind/jakarta.xml.bind-api/4.0.0/jakarta.xml.bind-api-4.0.0.jar:/Users/venkata.attala/.m2/repository/jakarta/activation/jakarta.activation-api/2.1.2/jakarta.activation-api-2.1.2.jar:/Users/venkata.attala/.m2/repository/net/minidev/json-smart/2.4.11/json-smart-2.4.11.jar:/Users/venkata.attala/.m2/repository/net/minidev/accessors-smart/2.4.11/accessors-smart-2.4.11.jar:/Users/venkata.attala/.m2/repository/org/ow2/asm/asm/9.3/asm-9.3.jar:/Users/venkata.attala/.m2/repository/org/assertj/assertj-core/3.24.2/assertj-core-3.24.2.jar:/Users/venkata.attala/.m2/repository/org/hamcrest/hamcrest/2.2/hamcrest-2.2.jar:/Users/venkata.attala/.m2/repository/org/junit/jupiter/junit-jupiter/5.9.3/junit-jupiter-5.9.3.jar:/Users/venkata.attala/.m2/repository/org/junit/jupiter/junit-jupiter-params/5.9.3/junit-jupiter-params-5.9.3.jar:/Users/venkata.attala/.m2/repository/org/junit/jupiter/junit-jupiter-engine/5.9.3/junit-jupiter-engine-5.9.3.jar:/Users/venkata.attala/.m2/repository/org/mockito/mockito-core/5.3.1/mockito-core-5.3.1.jar:/Users/venkata.attala/.m2/repository/net/bytebuddy/byte-buddy-agent/1.14.5/byte-buddy-agent-1.14.5.jar:/Users/venkata.attala/.m2/repository/org/objenesis/objenesis/3.3/objenesis-3.3.jar:/Users/venkata.attala/.m2/repository/org/mockito/mockito-junit-jupiter/5.3.1/mockito-junit-jupiter-5.3.1.jar:/Users/venkata.attala/.m2/repository/org/skyscreamer/jsonassert/1.5.1/jsonassert-1.5.1.jar:/Users/venkata.attala/.m2/repository/com/vaadin/external/google/android-json/0.0.20131108.vaadin1/android-json-0.0.20131108.vaadin1.jar:/Users/venkata.attala/.m2/repository/org/springframework/spring-core/6.0.11-SNAPSHOT/spring-core-6.0.11-SNAPSHOT.jar:/Users/venkata.attala/.m2/repository/org/springframework/spring-jcl/6.0.11-SNAPSHOT/spring-jcl-6.0.11-SNAPSHOT.jar:/Users/venkata.attala/.m2/repository/org/springframework/spring-test/6.0.11-SNAPSHOT/spring-test-6.0.11-SNAPSHOT.jar:/Users/venkata.attala/.m2/repository/org/xmlunit/xmlunit-core/2.9.1/xmlunit-core-2.9.1.jar:/Users/venkata.attala/.m2/repository/org/springframework/kafka/spring-kafka-test/3.0.9-SNAPSHOT/spring-kafka-test-3.0.9-SNAPSHOT.jar:/Users/venkata.attala/.m2/repository/org/apache/zookeeper/zookeeper/3.6.3/zookeeper-3.6.3.jar:/Users/venkata.attala/.m2/repository/org/apache/zookeeper/zookeeper-jute/3.6.3/zookeeper-jute-3.6.3.jar:/Users/venkata.attala/.m2/repository/org/apache/yetus/audience-annotations/0.5.0/audience-annotations-0.5.0.jar:/Users/venkata.attala/.m2/repository/io/netty/netty-handler/4.1.94.Final/netty-handler-4.1.94.Final.jar:/Users/venkata.attala/.m2/repository/io/netty/netty-common/4.1.94.Final/netty-common-4.1.94.Final.jar:/Users/venkata.attala/.m2/repository/io/netty/netty-resolver/4.1.94.Final/netty-resolver-4.1.94.Final.jar:/Users/venkata.attala/.m2/repository/io/netty/netty-buffer/4.1.94.Final/netty-buffer-4.1.94.Final.jar:/Users/venkata.attala/.m2/repository/io/netty/netty-transport/4.1.94.Final/netty-transport-4.1.94.Final.jar:/Users/venkata.attala/.m2/repository/io/netty/netty-transport-native-unix-common/4.1.94.Final/netty-transport-native-unix-common-4.1.94.Final.jar:/Users/venkata.attala/.m2/repository/io/netty/netty-codec/4.1.94.Final/netty-codec-4.1.94.Final.jar:/Users/venkata.attala/.m2/repository/io/netty/netty-transport-native-epoll/4.1.94.Final/netty-transport-native-epoll-4.1.94.Final.jar:/Users/venkata.attala/.m2/repository/io/netty/netty-transport-classes-epoll/4.1.94.Final/netty-transport-classes-epoll-4.1.94.Final.jar:/Users/venkata.attala/.m2/repository/org/apache/kafka/kafka-clients/3.4.1/kafka-clients-3.4.1-test.jar:/Users/venkata.attala/.m2/repository/org/apache/kafka/kafka-metadata/3.4.1/kafka-metadata-3.4.1.jar:/Users/venkata.attala/.m2/repository/org/apache/kafka/kafka-server-common/3.4.1/kafka-server-common-3.4.1.jar:/Users/venkata.attala/.m2/repository/org/apache/kafka/kafka-raft/3.4.1/kafka-raft-3.4.1.jar:/Users/venkata.attala/.m2/repository/com/yammer/metrics/metrics-core/2.2.0/metrics-core-2.2.0.jar:/Users/venkata.attala/.m2/repository/org/apache/kafka/kafka-streams-test-utils/3.4.1/kafka-streams-test-utils-3.4.1.jar:/Users/venkata.attala/.m2/repository/org/apache/kafka/kafka-streams/3.4.1/kafka-streams-3.4.1.jar:/Users/venkata.attala/.m2/repository/org/rocksdb/rocksdbjni/7.1.2/rocksdbjni-7.1.2.jar:/Users/venkata.attala/.m2/repository/org/apache/kafka/kafka_2.13/3.4.1/kafka_2.13-3.4.1.jar:/Users/venkata.attala/.m2/repository/org/scala-lang/scala-library/2.13.10/scala-library-2.13.10.jar:/Users/venkata.attala/.m2/repository/org/apache/kafka/kafka-group-coordinator/3.4.1/kafka-group-coordinator-3.4.1.jar:/Users/venkata.attala/.m2/repository/org/apache/kafka/kafka-storage/3.4.1/kafka-storage-3.4.1.jar:/Users/venkata.attala/.m2/repository/org/apache/kafka/kafka-storage-api/3.4.1/kafka-storage-api-3.4.1.jar:/Users/venkata.attala/.m2/repository/net/sourceforge/argparse4j/argparse4j/0.7.0/argparse4j-0.7.0.jar:/Users/venkata.attala/.m2/repository/com/fasterxml/jackson/module/jackson-module-scala_2.13/2.15.2/jackson-module-scala_2.13-2.15.2.jar:/Users/venkata.attala/.m2/repository/com/thoughtworks/paranamer/paranamer/2.8/paranamer-2.8.jar:/Users/venkata.attala/.m2/repository/com/fasterxml/jackson/dataformat/jackson-dataformat-csv/2.15.2/jackson-dataformat-csv-2.15.2.jar:/Users/venkata.attala/.m2/repository/net/sf/jopt-simple/jopt-simple/5.0.4/jopt-simple-5.0.4.jar:/Users/venkata.attala/.m2/repository/org/bitbucket/b_c/jose4j/0.9.3/jose4j-0.9.3.jar:/Users/venkata.attala/.m2/repository/org/scala-lang/modules/scala-collection-compat_2.13/2.10.0/scala-collection-compat_2.13-2.10.0.jar:/Users/venkata.attala/.m2/repository/org/scala-lang/modules/scala-java8-compat_2.13/1.0.2/scala-java8-compat_2.13-1.0.2.jar:/Users/venkata.attala/.m2/repository/org/scala-lang/scala-reflect/2.13.10/scala-reflect-2.13.10.jar:/Users/venkata.attala/.m2/repository/com/typesafe/scala-logging/scala-logging_2.13/3.9.4/scala-logging_2.13-3.9.4.jar:/Users/venkata.attala/.m2/repository/io/dropwizard/metrics/metrics-core/4.2.19/metrics-core-4.2.19.jar:/Users/venkata.attala/.m2/repository/commons-cli/commons-cli/1.4/commons-cli-1.4.jar:/Users/venkata.attala/.m2/repository/org/apache/kafka/kafka_2.13/3.4.1/kafka_2.13-3.4.1-test.jar:/Users/venkata.attala/.m2/repository/org/junit/jupiter/junit-jupiter-api/5.9.3/junit-jupiter-api-5.9.3.jar:/Users/venkata.attala/.m2/repository/org/opentest4j/opentest4j/1.2.0/opentest4j-1.2.0.jar:/Users/venkata.attala/.m2/repository/org/junit/platform/junit-platform-commons/1.9.3/junit-platform-commons-1.9.3.jar:/Users/venkata.attala/.m2/repository/org/apiguardian/apiguardian-api/1.1.2/apiguardian-api-1.1.2.jar:/Users/venkata.attala/.m2/repository/org/junit/platform/junit-platform-launcher/1.9.3/junit-platform-launcher-1.9.3.jar:/Users/venkata.attala/.m2/repository/org/junit/platform/junit-platform-engine/1.9.3/junit-platform-engine-1.9.3.jar:/Users/venkata.attala/.m2/repository/org/projectlombok/lombok/1.18.22/lombok-1.18.22.jar:"/>
    <property name="java.vm.vendor" value="Apple Inc."/>
    <property name="sun.arch.data.model" value="64"/>
    <property name="java.vendor.url" value="https://java.apple.com"/>
    <property name="user.timezone" value="Asia/Kolkata"/>
    <property name="org.jboss.logging.provider" value="slf4j"/>
    <property name="os.name" value="Mac OS X"/>
    <property name="java.vm.specification.version" value="17"/>
    <property name="sun.java.launcher" value="SUN_STANDARD"/>
    <property name="user.country" value="IN"/>
    <property name="sun.boot.library.path" value="/Library/Java/JavaVirtualMachines/applejdk-17.0.3.7.3.jdk/Contents/Home/lib"/>
    <property name="sun.java.command" value="/Users/venkata.attala/Downloads/Consumer/target/surefire/surefirebooter-20230706213523736_3.jar /Users/venkata.attala/Downloads/Consumer/target/surefire 2023-07-06T21-35-23_608-jvmRun1 surefire-20230706213523736_1tmp surefire_0-20230706213523736_2tmp"/>
    <property name="jdk.debug" value="release"/>
    <property name="surefire.test.class.path" value="/Users/venkata.attala/Downloads/Consumer/target/test-classes:/Users/venkata.attala/Downloads/Consumer/target/classes:/Users/venkata.attala/.m2/repository/org/springframework/boot/spring-boot-starter-data-jpa/3.1.2-SNAPSHOT/spring-boot-starter-data-jpa-3.1.2-SNAPSHOT.jar:/Users/venkata.attala/.m2/repository/org/springframework/boot/spring-boot-starter-aop/3.1.2-SNAPSHOT/spring-boot-starter-aop-3.1.2-SNAPSHOT.jar:/Users/venkata.attala/.m2/repository/org/springframework/spring-aop/6.0.11-SNAPSHOT/spring-aop-6.0.11-SNAPSHOT.jar:/Users/venkata.attala/.m2/repository/org/aspectj/aspectjweaver/1.9.19/aspectjweaver-1.9.19.jar:/Users/venkata.attala/.m2/repository/org/springframework/boot/spring-boot-starter-jdbc/3.1.2-SNAPSHOT/spring-boot-starter-jdbc-3.1.2-SNAPSHOT.jar:/Users/venkata.attala/.m2/repository/com/zaxxer/HikariCP/5.0.1/HikariCP-5.0.1.jar:/Users/venkata.attala/.m2/repository/org/springframework/spring-jdbc/6.0.11-SNAPSHOT/spring-jdbc-6.0.11-SNAPSHOT.jar:/Users/venkata.attala/.m2/repository/org/hibernate/orm/hibernate-core/6.2.5.Final/hibernate-core-6.2.5.Final.jar:/Users/venkata.attala/.m2/repository/jakarta/persistence/jakarta.persistence-api/3.1.0/jakarta.persistence-api-3.1.0.jar:/Users/venkata.attala/.m2/repository/jakarta/transaction/jakarta.transaction-api/2.0.1/jakarta.transaction-api-2.0.1.jar:/Users/venkata.attala/.m2/repository/org/jboss/logging/jboss-logging/3.5.1.Final/jboss-logging-3.5.1.Final.jar:/Users/venkata.attala/.m2/repository/org/hibernate/common/hibernate-commons-annotations/6.0.6.Final/hibernate-commons-annotations-6.0.6.Final.jar:/Users/venkata.attala/.m2/repository/io/smallrye/jandex/3.0.5/jandex-3.0.5.jar:/Users/venkata.attala/.m2/repository/com/fasterxml/classmate/1.5.1/classmate-1.5.1.jar:/Users/venkata.attala/.m2/repository/net/bytebuddy/byte-buddy/1.14.5/byte-buddy-1.14.5.jar:/Users/venkata.attala/.m2/repository/org/glassfish/jaxb/jaxb-runtime/4.0.3/jaxb-runtime-4.0.3.jar:/Users/venkata.attala/.m2/repository/org/glassfish/jaxb/jaxb-core/4.0.3/jaxb-core-4.0.3.jar:/Users/venkata.attala/.m2/repository/org/eclipse/angus/angus-activation/2.0.1/angus-activation-2.0.1.jar:/Users/venkata.attala/.m2/repository/org/glassfish/jaxb/txw2/4.0.3/txw2-4.0.3.jar:/Users/venkata.attala/.m2/repository/com/sun/istack/istack-commons-runtime/4.1.2/istack-commons-runtime-4.1.2.jar:/Users/venkata.attala/.m2/repository/jakarta/inject/jakarta.inject-api/2.0.1/jakarta.inject-api-2.0.1.jar:/Users/venkata.attala/.m2/repository/org/antlr/antlr4-runtime/4.10.1/antlr4-runtime-4.10.1.jar:/Users/venkata.attala/.m2/repository/org/springframework/data/spring-data-jpa/3.1.2-SNAPSHOT/spring-data-jpa-3.1.2-SNAPSHOT.jar:/Users/venkata.attala/.m2/repository/org/springframework/data/spring-data-commons/3.1.2-SNAPSHOT/spring-data-commons-3.1.2-SNAPSHOT.jar:/Users/venkata.attala/.m2/repository/org/springframework/spring-orm/6.0.11-SNAPSHOT/spring-orm-6.0.11-SNAPSHOT.jar:/Users/venkata.attala/.m2/repository/org/springframework/spring-beans/6.0.11-SNAPSHOT/spring-beans-6.0.11-SNAPSHOT.jar:/Users/venkata.attala/.m2/repository/jakarta/annotation/jakarta.annotation-api/2.1.1/jakarta.annotation-api-2.1.1.jar:/Users/venkata.attala/.m2/repository/org/slf4j/slf4j-api/2.0.7/slf4j-api-2.0.7.jar:/Users/venkata.attala/.m2/repository/org/springframework/spring-aspects/6.0.11-SNAPSHOT/spring-aspects-6.0.11-SNAPSHOT.jar:/Users/venkata.attala/.m2/repository/org/springframework/boot/spring-boot-starter-validation/3.1.2-SNAPSHOT/spring-boot-starter-validation-3.1.2-SNAPSHOT.jar:/Users/venkata.attala/.m2/repository/org/springframework/boot/spring-boot-starter/3.1.2-SNAPSHOT/spring-boot-starter-3.1.2-SNAPSHOT.jar:/Users/venkata.attala/.m2/repository/org/springframework/boot/spring-boot/3.1.2-SNAPSHOT/spring-boot-3.1.2-SNAPSHOT.jar:/Users/venkata.attala/.m2/repository/org/springframework/boot/spring-boot-autoconfigure/3.1.2-SNAPSHOT/spring-boot-autoconfigure-3.1.2-SNAPSHOT.jar:/Users/venkata.attala/.m2/repository/org/springframework/boot/spring-boot-starter-logging/3.1.2-SNAPSHOT/spring-boot-starter-logging-3.1.2-SNAPSHOT.jar:/Users/venkata.attala/.m2/repository/ch/qos/logback/logback-classic/1.4.8/logback-classic-1.4.8.jar:/Users/venkata.attala/.m2/repository/ch/qos/logback/logback-core/1.4.8/logback-core-1.4.8.jar:/Users/venkata.attala/.m2/repository/org/apache/logging/log4j/log4j-to-slf4j/2.20.0/log4j-to-slf4j-2.20.0.jar:/Users/venkata.attala/.m2/repository/org/apache/logging/log4j/log4j-api/2.20.0/log4j-api-2.20.0.jar:/Users/venkata.attala/.m2/repository/org/slf4j/jul-to-slf4j/2.0.7/jul-to-slf4j-2.0.7.jar:/Users/venkata.attala/.m2/repository/org/yaml/snakeyaml/1.33/snakeyaml-1.33.jar:/Users/venkata.attala/.m2/repository/org/apache/tomcat/embed/tomcat-embed-el/10.1.10/tomcat-embed-el-10.1.10.jar:/Users/venkata.attala/.m2/repository/org/hibernate/validator/hibernate-validator/8.0.0.Final/hibernate-validator-8.0.0.Final.jar:/Users/venkata.attala/.m2/repository/jakarta/validation/jakarta.validation-api/3.0.2/jakarta.validation-api-3.0.2.jar:/Users/venkata.attala/.m2/repository/org/springframework/boot/spring-boot-starter-web/3.1.2-SNAPSHOT/spring-boot-starter-web-3.1.2-SNAPSHOT.jar:/Users/venkata.attala/.m2/repository/org/springframework/boot/spring-boot-starter-json/3.1.2-SNAPSHOT/spring-boot-starter-json-3.1.2-SNAPSHOT.jar:/Users/venkata.attala/.m2/repository/com/fasterxml/jackson/core/jackson-databind/2.15.2/jackson-databind-2.15.2.jar:/Users/venkata.attala/.m2/repository/com/fasterxml/jackson/core/jackson-annotations/2.15.2/jackson-annotations-2.15.2.jar:/Users/venkata.attala/.m2/repository/com/fasterxml/jackson/core/jackson-core/2.15.2/jackson-core-2.15.2.jar:/Users/venkata.attala/.m2/repository/com/fasterxml/jackson/datatype/jackson-datatype-jdk8/2.15.2/jackson-datatype-jdk8-2.15.2.jar:/Users/venkata.attala/.m2/repository/com/fasterxml/jackson/datatype/jackson-datatype-jsr310/2.15.2/jackson-datatype-jsr310-2.15.2.jar:/Users/venkata.attala/.m2/repository/com/fasterxml/jackson/module/jackson-module-parameter-names/2.15.2/jackson-module-parameter-names-2.15.2.jar:/Users/venkata.attala/.m2/repository/org/springframework/boot/spring-boot-starter-tomcat/3.1.2-SNAPSHOT/spring-boot-starter-tomcat-3.1.2-SNAPSHOT.jar:/Users/venkata.attala/.m2/repository/org/apache/tomcat/embed/tomcat-embed-core/10.1.10/tomcat-embed-core-10.1.10.jar:/Users/venkata.attala/.m2/repository/org/apache/tomcat/embed/tomcat-embed-websocket/10.1.10/tomcat-embed-websocket-10.1.10.jar:/Users/venkata.attala/.m2/repository/org/springframework/spring-web/6.0.11-SNAPSHOT/spring-web-6.0.11-SNAPSHOT.jar:/Users/venkata.attala/.m2/repository/org/springframework/spring-webmvc/6.0.11-SNAPSHOT/spring-webmvc-6.0.11-SNAPSHOT.jar:/Users/venkata.attala/.m2/repository/org/springframework/spring-expression/6.0.11-SNAPSHOT/spring-expression-6.0.11-SNAPSHOT.jar:/Users/venkata.attala/.m2/repository/org/springframework/kafka/spring-kafka/3.0.9-SNAPSHOT/spring-kafka-3.0.9-SNAPSHOT.jar:/Users/venkata.attala/.m2/repository/org/springframework/spring-context/6.0.11-SNAPSHOT/spring-context-6.0.11-SNAPSHOT.jar:/Users/venkata.attala/.m2/repository/org/springframework/spring-messaging/6.0.11-SNAPSHOT/spring-messaging-6.0.11-SNAPSHOT.jar:/Users/venkata.attala/.m2/repository/org/springframework/spring-tx/6.0.11-SNAPSHOT/spring-tx-6.0.11-SNAPSHOT.jar:/Users/venkata.attala/.m2/repository/org/springframework/retry/spring-retry/2.0.2/spring-retry-2.0.2.jar:/Users/venkata.attala/.m2/repository/org/apache/kafka/kafka-clients/3.4.1/kafka-clients-3.4.1.jar:/Users/venkata.attala/.m2/repository/com/github/luben/zstd-jni/1.5.2-1/zstd-jni-1.5.2-1.jar:/Users/venkata.attala/.m2/repository/org/lz4/lz4-java/1.8.0/lz4-java-1.8.0.jar:/Users/venkata.attala/.m2/repository/org/xerial/snappy/snappy-java/1.1.8.4/snappy-java-1.1.8.4.jar:/Users/venkata.attala/.m2/repository/io/micrometer/micrometer-observation/1.11.2-SNAPSHOT/micrometer-observation-1.11.2-SNAPSHOT.jar:/Users/venkata.attala/.m2/repository/io/micrometer/micrometer-commons/1.11.2-SNAPSHOT/micrometer-commons-1.11.2-SNAPSHOT.jar:/Users/venkata.attala/.m2/repository/com/google/code/findbugs/jsr305/3.0.2/jsr305-3.0.2.jar:/Users/venkata.attala/.m2/repository/com/h2database/h2/2.1.214/h2-2.1.214.jar:/Users/venkata.attala/.m2/repository/org/springframework/boot/spring-boot-starter-test/3.1.2-SNAPSHOT/spring-boot-starter-test-3.1.2-SNAPSHOT.jar:/Users/venkata.attala/.m2/repository/org/springframework/boot/spring-boot-test/3.1.2-SNAPSHOT/spring-boot-test-3.1.2-SNAPSHOT.jar:/Users/venkata.attala/.m2/repository/org/springframework/boot/spring-boot-test-autoconfigure/3.1.2-SNAPSHOT/spring-boot-test-autoconfigure-3.1.2-SNAPSHOT.jar:/Users/venkata.attala/.m2/repository/com/jayway/jsonpath/json-path/2.8.0/json-path-2.8.0.jar:/Users/venkata.attala/.m2/repository/jakarta/xml/bind/jakarta.xml.bind-api/4.0.0/jakarta.xml.bind-api-4.0.0.jar:/Users/venkata.attala/.m2/repository/jakarta/activation/jakarta.activation-api/2.1.2/jakarta.activation-api-2.1.2.jar:/Users/venkata.attala/.m2/repository/net/minidev/json-smart/2.4.11/json-smart-2.4.11.jar:/Users/venkata.attala/.m2/repository/net/minidev/accessors-smart/2.4.11/accessors-smart-2.4.11.jar:/Users/venkata.attala/.m2/repository/org/ow2/asm/asm/9.3/asm-9.3.jar:/Users/venkata.attala/.m2/repository/org/assertj/assertj-core/3.24.2/assertj-core-3.24.2.jar:/Users/venkata.attala/.m2/repository/org/hamcrest/hamcrest/2.2/hamcrest-2.2.jar:/Users/venkata.attala/.m2/repository/org/junit/jupiter/junit-jupiter/5.9.3/junit-jupiter-5.9.3.jar:/Users/venkata.attala/.m2/repository/org/junit/jupiter/junit-jupiter-params/5.9.3/junit-jupiter-params-5.9.3.jar:/Users/venkata.attala/.m2/repository/org/junit/jupiter/junit-jupiter-engine/5.9.3/junit-jupiter-engine-5.9.3.jar:/Users/venkata.attala/.m2/repository/org/mockito/mockito-core/5.3.1/mockito-core-5.3.1.jar:/Users/venkata.attala/.m2/repository/net/bytebuddy/byte-buddy-agent/1.14.5/byte-buddy-agent-1.14.5.jar:/Users/venkata.attala/.m2/repository/org/objenesis/objenesis/3.3/objenesis-3.3.jar:/Users/venkata.attala/.m2/repository/org/mockito/mockito-junit-jupiter/5.3.1/mockito-junit-jupiter-5.3.1.jar:/Users/venkata.attala/.m2/repository/org/skyscreamer/jsonassert/1.5.1/jsonassert-1.5.1.jar:/Users/venkata.attala/.m2/repository/com/vaadin/external/google/android-json/0.0.20131108.vaadin1/android-json-0.0.20131108.vaadin1.jar:/Users/venkata.attala/.m2/repository/org/springframework/spring-core/6.0.11-SNAPSHOT/spring-core-6.0.11-SNAPSHOT.jar:/Users/venkata.attala/.m2/repository/org/springframework/spring-jcl/6.0.11-SNAPSHOT/spring-jcl-6.0.11-SNAPSHOT.jar:/Users/venkata.attala/.m2/repository/org/springframework/spring-test/6.0.11-SNAPSHOT/spring-test-6.0.11-SNAPSHOT.jar:/Users/venkata.attala/.m2/repository/org/xmlunit/xmlunit-core/2.9.1/xmlunit-core-2.9.1.jar:/Users/venkata.attala/.m2/repository/org/springframework/kafka/spring-kafka-test/3.0.9-SNAPSHOT/spring-kafka-test-3.0.9-SNAPSHOT.jar:/Users/venkata.attala/.m2/repository/org/apache/zookeeper/zookeeper/3.6.3/zookeeper-3.6.3.jar:/Users/venkata.attala/.m2/repository/org/apache/zookeeper/zookeeper-jute/3.6.3/zookeeper-jute-3.6.3.jar:/Users/venkata.attala/.m2/repository/org/apache/yetus/audience-annotations/0.5.0/audience-annotations-0.5.0.jar:/Users/venkata.attala/.m2/repository/io/netty/netty-handler/4.1.94.Final/netty-handler-4.1.94.Final.jar:/Users/venkata.attala/.m2/repository/io/netty/netty-common/4.1.94.Final/netty-common-4.1.94.Final.jar:/Users/venkata.attala/.m2/repository/io/netty/netty-resolver/4.1.94.Final/netty-resolver-4.1.94.Final.jar:/Users/venkata.attala/.m2/repository/io/netty/netty-buffer/4.1.94.Final/netty-buffer-4.1.94.Final.jar:/Users/venkata.attala/.m2/repository/io/netty/netty-transport/4.1.94.Final/netty-transport-4.1.94.Final.jar:/Users/venkata.attala/.m2/repository/io/netty/netty-transport-native-unix-common/4.1.94.Final/netty-transport-native-unix-common-4.1.94.Final.jar:/Users/venkata.attala/.m2/repository/io/netty/netty-codec/4.1.94.Final/netty-codec-4.1.94.Final.jar:/Users/venkata.attala/.m2/repository/io/netty/netty-transport-native-epoll/4.1.94.Final/netty-transport-native-epoll-4.1.94.Final.jar:/Users/venkata.attala/.m2/repository/io/netty/netty-transport-classes-epoll/4.1.94.Final/netty-transport-classes-epoll-4.1.94.Final.jar:/Users/venkata.attala/.m2/repository/org/apache/kafka/kafka-clients/3.4.1/kafka-clients-3.4.1-test.jar:/Users/venkata.attala/.m2/repository/org/apache/kafka/kafka-metadata/3.4.1/kafka-metadata-3.4.1.jar:/Users/venkata.attala/.m2/repository/org/apache/kafka/kafka-server-common/3.4.1/kafka-server-common-3.4.1.jar:/Users/venkata.attala/.m2/repository/org/apache/kafka/kafka-raft/3.4.1/kafka-raft-3.4.1.jar:/Users/venkata.attala/.m2/repository/com/yammer/metrics/metrics-core/2.2.0/metrics-core-2.2.0.jar:/Users/venkata.attala/.m2/repository/org/apache/kafka/kafka-streams-test-utils/3.4.1/kafka-streams-test-utils-3.4.1.jar:/Users/venkata.attala/.m2/repository/org/apache/kafka/kafka-streams/3.4.1/kafka-streams-3.4.1.jar:/Users/venkata.attala/.m2/repository/org/rocksdb/rocksdbjni/7.1.2/rocksdbjni-7.1.2.jar:/Users/venkata.attala/.m2/repository/org/apache/kafka/kafka_2.13/3.4.1/kafka_2.13-3.4.1.jar:/Users/venkata.attala/.m2/repository/org/scala-lang/scala-library/2.13.10/scala-library-2.13.10.jar:/Users/venkata.attala/.m2/repository/org/apache/kafka/kafka-group-coordinator/3.4.1/kafka-group-coordinator-3.4.1.jar:/Users/venkata.attala/.m2/repository/org/apache/kafka/kafka-storage/3.4.1/kafka-storage-3.4.1.jar:/Users/venkata.attala/.m2/repository/org/apache/kafka/kafka-storage-api/3.4.1/kafka-storage-api-3.4.1.jar:/Users/venkata.attala/.m2/repository/net/sourceforge/argparse4j/argparse4j/0.7.0/argparse4j-0.7.0.jar:/Users/venkata.attala/.m2/repository/com/fasterxml/jackson/module/jackson-module-scala_2.13/2.15.2/jackson-module-scala_2.13-2.15.2.jar:/Users/venkata.attala/.m2/repository/com/thoughtworks/paranamer/paranamer/2.8/paranamer-2.8.jar:/Users/venkata.attala/.m2/repository/com/fasterxml/jackson/dataformat/jackson-dataformat-csv/2.15.2/jackson-dataformat-csv-2.15.2.jar:/Users/venkata.attala/.m2/repository/net/sf/jopt-simple/jopt-simple/5.0.4/jopt-simple-5.0.4.jar:/Users/venkata.attala/.m2/repository/org/bitbucket/b_c/jose4j/0.9.3/jose4j-0.9.3.jar:/Users/venkata.attala/.m2/repository/org/scala-lang/modules/scala-collection-compat_2.13/2.10.0/scala-collection-compat_2.13-2.10.0.jar:/Users/venkata.attala/.m2/repository/org/scala-lang/modules/scala-java8-compat_2.13/1.0.2/scala-java8-compat_2.13-1.0.2.jar:/Users/venkata.attala/.m2/repository/org/scala-lang/scala-reflect/2.13.10/scala-reflect-2.13.10.jar:/Users/venkata.attala/.m2/repository/com/typesafe/scala-logging/scala-logging_2.13/3.9.4/scala-logging_2.13-3.9.4.jar:/Users/venkata.attala/.m2/repository/io/dropwizard/metrics/metrics-core/4.2.19/metrics-core-4.2.19.jar:/Users/venkata.attala/.m2/repository/commons-cli/commons-cli/1.4/commons-cli-1.4.jar:/Users/venkata.attala/.m2/repository/org/apache/kafka/kafka_2.13/3.4.1/kafka_2.13-3.4.1-test.jar:/Users/venkata.attala/.m2/repository/org/junit/jupiter/junit-jupiter-api/5.9.3/junit-jupiter-api-5.9.3.jar:/Users/venkata.attala/.m2/repository/org/opentest4j/opentest4j/1.2.0/opentest4j-1.2.0.jar:/Users/venkata.attala/.m2/repository/org/junit/platform/junit-platform-commons/1.9.3/junit-platform-commons-1.9.3.jar:/Users/venkata.attala/.m2/repository/org/apiguardian/apiguardian-api/1.1.2/apiguardian-api-1.1.2.jar:/Users/venkata.attala/.m2/repository/org/junit/platform/junit-platform-launcher/1.9.3/junit-platform-launcher-1.9.3.jar:/Users/venkata.attala/.m2/repository/org/junit/platform/junit-platform-engine/1.9.3/junit-platform-engine-1.9.3.jar:/Users/venkata.attala/.m2/repository/org/projectlombok/lombok/1.18.22/lombok-1.18.22.jar:"/>
    <property name="sun.cpu.endian" value="little"/>
    <property name="user.home" value="/Users/venkata.attala"/>
    <property name="user.language" value="en"/>
    <property name="java.specification.vendor" value="Oracle Corporation"/>
    <property name="java.version.date" value="2022-04-19"/>
    <property name="java.home" value="/Library/Java/JavaVirtualMachines/applejdk-17.0.3.7.3.jdk/Contents/Home"/>
    <property name="file.separator" value="/"/>
    <property name="basedir" value="/Users/venkata.attala/Downloads/Consumer"/>
    <property name="java.vm.compressedOopsMode" value="Zero based"/>
    <property name="line.separator" value="&#10;"/>
    <property name="java.specification.name" value="Java Platform API Specification"/>
    <property name="java.vm.specification.vendor" value="Oracle Corporation"/>
    <property name="FILE_LOG_CHARSET" value="US-ASCII"/>
    <property name="java.awt.headless" value="true"/>
    <property name="surefire.real.class.path" value="/Users/venkata.attala/Downloads/Consumer/target/surefire/surefirebooter-20230706213523736_3.jar"/>
    <property name="sun.management.compiler" value="HotSpot 64-Bit Tiered Compilers"/>
    <property name="java.runtime.version" value="17.0.3+7-LTS"/>
    <property name="user.name" value="venkata.attala"/>
    <property name="path.separator" value=":"/>
    <property name="os.version" value="12.6"/>
    <property name="java.runtime.name" value="OpenJDK Runtime Environment"/>
    <property name="file.encoding" value="US-ASCII"/>
    <property name="java.vm.name" value="OpenJDK 64-Bit Server VM"/>
    <property name="java.vendor.version" value="AppleJDK-17.0.3.7.3"/>
    <property name="localRepository" value="/Users/venkata.attala/.m2/repository"/>
    <property name="java.vendor.url.bug" value="https://rdar.apple.com/new/1003593"/>
    <property name="java.io.tmpdir" value="/var/folders/1k/h68cpkrn5531kh25q360xqkw0000gp/T/"/>
    <property name="com.zaxxer.hikari.pool_number" value="1"/>
    <property name="java.version" value="17.0.3"/>
    <property name="user.dir" value="/Users/venkata.attala/Downloads/Consumer"/>
    <property name="os.arch" value="x86_64"/>
    <property name="java.vm.specification.name" value="Java Virtual Machine Specification"/>
    <property name="PID" value="91128"/>
    <property name="CONSOLE_LOG_CHARSET" value="US-ASCII"/>
    <property name="native.encoding" value="US-ASCII"/>
    <property name="java.library.path" value="/Users/venkata.attala/Library/Java/Extensions:/Library/Java/Extensions:/Network/Library/Java/Extensions:/System/Library/Java/Extensions:/usr/lib/java:."/>
    <property name="java.vm.info" value="mixed mode, sharing"/>
    <property name="java.vendor" value="Apple Inc."/>
    <property name="java.vm.version" value="17.0.3+7-LTS"/>
    <property name="sun.io.unicode.encoding" value="UnicodeBig"/>
    <property name="java.class.version" value="61.0"/>
  </properties>
  <testcase name="contextLoads" classname="com.KafkaConsumer.Consumer.ConsumerApplicationTests" time="0.93">
    <system-out><![CDATA[21:35:24.863 [main] INFO org.springframework.test.context.support.AnnotationConfigContextLoaderUtils -- Could not detect default configuration classes for test class [com.KafkaConsumer.Consumer.ConsumerApplicationTests]: ConsumerApplicationTests does not declare any static, non-private, non-final, nested classes annotated with @Configuration.
21:35:25.018 [main] INFO org.springframework.boot.test.context.SpringBootTestContextBootstrapper -- Found @SpringBootConfiguration com.KafkaConsumer.Consumer.ConsumerApplication for test class com.KafkaConsumer.Consumer.ConsumerApplicationTests

  .   ____          _            __ _ _
 /\\ / ___'_ __ _ _(_)_ __  __ _ \ \ \ \
( ( )\___ | '_ | '_| | '_ \/ _` | \ \ \ \
 \\/  ___)| |_)| | | | | || (_| |  ) ) ) )
  '  |____| .__|_| |_|_| |_\__, | / / / /
 =========|_|==============|___/=/_/_/_/
 :: Spring Boot ::       (v3.1.2-SNAPSHOT)

2023-07-06T21:35:25.665+05:30  INFO 91128 --- [           main] c.K.Consumer.ConsumerApplicationTests    : Starting ConsumerApplicationTests using Java 17.0.3 with PID 91128 (started by venkata.attala in /Users/venkata.attala/Downloads/Consumer)
2023-07-06T21:35:25.667+05:30  INFO 91128 --- [           main] c.K.Consumer.ConsumerApplicationTests    : The following 1 profile is active: "local"
2023-07-06T21:35:26.871+05:30  INFO 91128 --- [           main] .s.d.r.c.RepositoryConfigurationDelegate : Bootstrapping Spring Data JPA repositories in DEFAULT mode.
2023-07-06T21:35:26.898+05:30  INFO 91128 --- [           main] .s.d.r.c.RepositoryConfigurationDelegate : Finished Spring Data repository scanning in 19 ms. Found 0 JPA repository interfaces.
2023-07-06T21:35:27.725+05:30  INFO 91128 --- [           main] com.zaxxer.hikari.HikariDataSource       : HikariPool-1 - Starting...
2023-07-06T21:35:27.896+05:30  INFO 91128 --- [           main] com.zaxxer.hikari.pool.HikariPool        : HikariPool-1 - Added connection conn0: url=jdbc:h2:mem:585fc29c-01ea-40ea-92cb-9532a14025d3 user=SA
2023-07-06T21:35:27.898+05:30  INFO 91128 --- [           main] com.zaxxer.hikari.HikariDataSource       : HikariPool-1 - Start completed.
2023-07-06T21:35:28.048+05:30  INFO 91128 --- [           main] o.hibernate.jpa.internal.util.LogHelper  : HHH000204: Processing PersistenceUnitInfo [name: default]
2023-07-06T21:35:28.189+05:30  INFO 91128 --- [           main] org.hibernate.Version                    : HHH000412: Hibernate ORM core version 6.2.5.Final
2023-07-06T21:35:28.199+05:30  INFO 91128 --- [           main] org.hibernate.cfg.Environment            : HHH000406: Using bytecode reflection optimizer
2023-07-06T21:35:28.346+05:30  INFO 91128 --- [           main] o.h.b.i.BytecodeProviderInitiator        : HHH000021: Bytecode provider name : bytebuddy
2023-07-06T21:35:28.483+05:30  INFO 91128 --- [           main] o.s.o.j.p.SpringPersistenceUnitInfo      : No LoadTimeWeaver setup: ignoring JPA class transformer
2023-07-06T21:35:28.625+05:30  INFO 91128 --- [           main] o.h.b.i.BytecodeProviderInitiator        : HHH000021: Bytecode provider name : bytebuddy
2023-07-06T21:35:28.810+05:30  INFO 91128 --- [           main] o.h.e.t.j.p.i.JtaPlatformInitiator       : HHH000490: Using JtaPlatform implementation: [org.hibernate.engine.transaction.jta.platform.internal.NoJtaPlatform]
2023-07-06T21:35:28.815+05:30  INFO 91128 --- [           main] j.LocalContainerEntityManagerFactoryBean : Initialized JPA EntityManagerFactory for persistence unit 'default'
2023-07-06T21:35:29.111+05:30  WARN 91128 --- [           main] JpaBaseConfiguration$JpaWebConfiguration : spring.jpa.open-in-view is enabled by default. Therefore, database queries may be performed during view rendering. Explicitly configure spring.jpa.open-in-view to disable this warning
2023-07-06T21:35:29.917+05:30  INFO 91128 --- [           main] o.a.k.clients.consumer.ConsumerConfig    : ConsumerConfig values: 
	allow.auto.create.topics = true
	auto.commit.interval.ms = 5000
	auto.include.jmx.reporter = true
	auto.offset.reset = latest
	bootstrap.servers = [localhost :9092]
	check.crcs = true
	client.dns.lookup = use_all_dns_ips
	client.id = consumer-library-events-group-1
	client.rack = 
	connections.max.idle.ms = 540000
	default.api.timeout.ms = 60000
	enable.auto.commit = false
	exclude.internal.topics = true
	fetch.max.bytes = 52428800
	fetch.max.wait.ms = 500
	fetch.min.bytes = 1
	group.id = library-events-group
	group.instance.id = null
	heartbeat.interval.ms = 3000
	interceptor.classes = []
	internal.leave.group.on.close = true
	internal.throw.on.fetch.stable.offset.unsupported = false
	isolation.level = read_uncommitted
	key.deserializer = class org.apache.kafka.common.serialization.IntegerDeserializer
	max.partition.fetch.bytes = 1048576
	max.poll.interval.ms = 300000
	max.poll.records = 500
	metadata.max.age.ms = 300000
	metric.reporters = []
	metrics.num.samples = 2
	metrics.recording.level = INFO
	metrics.sample.window.ms = 30000
	partition.assignment.strategy = [class org.apache.kafka.clients.consumer.RangeAssignor, class org.apache.kafka.clients.consumer.CooperativeStickyAssignor]
	receive.buffer.bytes = 65536
	reconnect.backoff.max.ms = 1000
	reconnect.backoff.ms = 50
	request.timeout.ms = 30000
	retry.backoff.ms = 100
	sasl.client.callback.handler.class = null
	sasl.jaas.config = null
	sasl.kerberos.kinit.cmd = /usr/bin/kinit
	sasl.kerberos.min.time.before.relogin = 60000
	sasl.kerberos.service.name = null
	sasl.kerberos.ticket.renew.jitter = 0.05
	sasl.kerberos.ticket.renew.window.factor = 0.8
	sasl.login.callback.handler.class = null
	sasl.login.class = null
	sasl.login.connect.timeout.ms = null
	sasl.login.read.timeout.ms = null
	sasl.login.refresh.buffer.seconds = 300
	sasl.login.refresh.min.period.seconds = 60
	sasl.login.refresh.window.factor = 0.8
	sasl.login.refresh.window.jitter = 0.05
	sasl.login.retry.backoff.max.ms = 10000
	sasl.login.retry.backoff.ms = 100
	sasl.mechanism = GSSAPI
	sasl.oauthbearer.clock.skew.seconds = 30
	sasl.oauthbearer.expected.audience = null
	sasl.oauthbearer.expected.issuer = null
	sasl.oauthbearer.jwks.endpoint.refresh.ms = 3600000
	sasl.oauthbearer.jwks.endpoint.retry.backoff.max.ms = 10000
	sasl.oauthbearer.jwks.endpoint.retry.backoff.ms = 100
	sasl.oauthbearer.jwks.endpoint.url = null
	sasl.oauthbearer.scope.claim.name = scope
	sasl.oauthbearer.sub.claim.name = sub
	sasl.oauthbearer.token.endpoint.url = null
	security.protocol = PLAINTEXT
	security.providers = null
	send.buffer.bytes = 131072
	session.timeout.ms = 45000
	socket.connection.setup.timeout.max.ms = 30000
	socket.connection.setup.timeout.ms = 10000
	ssl.cipher.suites = null
	ssl.enabled.protocols = [TLSv1.2, TLSv1.3]
	ssl.endpoint.identification.algorithm = https
	ssl.engine.factory.class = null
	ssl.key.password = null
	ssl.keymanager.algorithm = SunX509
	ssl.keystore.certificate.chain = null
	ssl.keystore.key = null
	ssl.keystore.location = null
	ssl.keystore.password = null
	ssl.keystore.type = JKS
	ssl.protocol = TLSv1.3
	ssl.provider = null
	ssl.secure.random.implementation = null
	ssl.trustmanager.algorithm = PKIX
	ssl.truststore.certificates = null
	ssl.truststore.location = null
	ssl.truststore.password = null
	ssl.truststore.type = JKS
	value.deserializer = class org.apache.kafka.common.serialization.StringDeserializer

2023-07-06T21:35:30.088+05:30  INFO 91128 --- [           main] o.a.kafka.common.utils.AppInfoParser     : Kafka version: 3.4.1
2023-07-06T21:35:30.088+05:30  INFO 91128 --- [           main] o.a.kafka.common.utils.AppInfoParser     : Kafka commitId: 8a516edc2755df89
2023-07-06T21:35:30.088+05:30  INFO 91128 --- [           main] o.a.kafka.common.utils.AppInfoParser     : Kafka startTimeMs: 1688659530083
2023-07-06T21:35:30.094+05:30  INFO 91128 --- [           main] o.a.k.clients.consumer.KafkaConsumer     : [Consumer clientId=consumer-library-events-group-1, groupId=library-events-group] Subscribed to topic(s): library-events
2023-07-06T21:35:30.114+05:30  INFO 91128 --- [           main] c.K.Consumer.ConsumerApplicationTests    : Started ConsumerApplicationTests in 4.955 seconds (process running for 6.287)
2023-07-06T21:35:30.520+05:30  INFO 91128 --- [ntainer#0-0-C-1] org.apache.kafka.clients.Metadata        : [Consumer clientId=consumer-library-events-group-1, groupId=library-events-group] Resetting the last seen epoch of partition library-events-0 to 0 since the associated topicId changed from null to 7VY3gqThS2GCVQ61uu_bYw
2023-07-06T21:35:30.522+05:30  INFO 91128 --- [ntainer#0-0-C-1] org.apache.kafka.clients.Metadata        : [Consumer clientId=consumer-library-events-group-1, groupId=library-events-group] Resetting the last seen epoch of partition library-events-1 to 0 since the associated topicId changed from null to 7VY3gqThS2GCVQ61uu_bYw
2023-07-06T21:35:30.522+05:30  INFO 91128 --- [ntainer#0-0-C-1] org.apache.kafka.clients.Metadata        : [Consumer clientId=consumer-library-events-group-1, groupId=library-events-group] Resetting the last seen epoch of partition library-events-2 to 0 since the associated topicId changed from null to 7VY3gqThS2GCVQ61uu_bYw
2023-07-06T21:35:30.524+05:30  INFO 91128 --- [ntainer#0-0-C-1] org.apache.kafka.clients.Metadata        : [Consumer clientId=consumer-library-events-group-1, groupId=library-events-group] Cluster ID: lsuv3lP2T26bVr0-OlyX_A
2023-07-06T21:35:30.525+05:30  INFO 91128 --- [ntainer#0-0-C-1] o.a.k.c.c.internals.ConsumerCoordinator  : [Consumer clientId=consumer-library-events-group-1, groupId=library-events-group] Discovered group coordinator 192.168.43.168:9092 (id: 2147483647 rack: null)
2023-07-06T21:35:30.527+05:30  INFO 91128 --- [ntainer#0-0-C-1] o.a.k.c.c.internals.ConsumerCoordinator  : [Consumer clientId=consumer-library-events-group-1, groupId=library-events-group] (Re-)joining group
2023-07-06T21:35:30.583+05:30  INFO 91128 --- [ntainer#0-0-C-1] o.a.k.c.c.internals.ConsumerCoordinator  : [Consumer clientId=consumer-library-events-group-1, groupId=library-events-group] Request joining group due to: need to re-join with the given member-id: consumer-library-events-group-1-8282c03e-fde9-479a-862b-73571717d992
2023-07-06T21:35:30.588+05:30  INFO 91128 --- [ntainer#0-0-C-1] o.a.k.c.c.internals.ConsumerCoordinator  : [Consumer clientId=consumer-library-events-group-1, groupId=library-events-group] Request joining group due to: rebalance failed due to 'The group member needs to have a valid member id before actually entering a consumer group.' (MemberIdRequiredException)
2023-07-06T21:35:30.589+05:30  INFO 91128 --- [ntainer#0-0-C-1] o.a.k.c.c.internals.ConsumerCoordinator  : [Consumer clientId=consumer-library-events-group-1, groupId=library-events-group] (Re-)joining group
2023-07-06T21:35:30.610+05:30  INFO 91128 --- [ntainer#0-0-C-1] o.a.k.c.c.internals.ConsumerCoordinator  : [Consumer clientId=consumer-library-events-group-1, groupId=library-events-group] Successfully joined group with generation Generation{generationId=3, memberId='consumer-library-events-group-1-8282c03e-fde9-479a-862b-73571717d992', protocol='range'}
2023-07-06T21:35:30.613+05:30  INFO 91128 --- [ntainer#0-0-C-1] o.a.k.c.c.internals.ConsumerCoordinator  : [Consumer clientId=consumer-library-events-group-1, groupId=library-events-group] Finished assignment for group at generation 3: {consumer-library-events-group-1-8282c03e-fde9-479a-862b-73571717d992=Assignment(partitions=[library-events-0, library-events-1, library-events-2])}
2023-07-06T21:35:30.638+05:30  INFO 91128 --- [ntainer#0-0-C-1] o.a.k.c.c.internals.ConsumerCoordinator  : [Consumer clientId=consumer-library-events-group-1, groupId=library-events-group] Successfully synced group in generation Generation{generationId=3, memberId='consumer-library-events-group-1-8282c03e-fde9-479a-862b-73571717d992', protocol='range'}
2023-07-06T21:35:30.642+05:30  INFO 91128 --- [ntainer#0-0-C-1] o.a.k.c.c.internals.ConsumerCoordinator  : [Consumer clientId=consumer-library-events-group-1, groupId=library-events-group] Notifying assignor about the new Assignment(partitions=[library-events-0, library-events-1, library-events-2])
2023-07-06T21:35:30.645+05:30  INFO 91128 --- [ntainer#0-0-C-1] o.a.k.c.c.internals.ConsumerCoordinator  : [Consumer clientId=consumer-library-events-group-1, groupId=library-events-group] Adding newly assigned partitions: library-events-0, library-events-1, library-events-2
2023-07-06T21:35:30.661+05:30  INFO 91128 --- [ntainer#0-0-C-1] o.a.k.c.c.internals.ConsumerCoordinator  : [Consumer clientId=consumer-library-events-group-1, groupId=library-events-group] Setting offset for partition library-events-1 to the committed offset FetchPosition{offset=0, offsetEpoch=Optional.empty, currentLeader=LeaderAndEpoch{leader=Optional[192.168.43.168:9092 (id: 0 rack: null)], epoch=0}}
2023-07-06T21:35:30.665+05:30  INFO 91128 --- [ntainer#0-0-C-1] o.a.k.c.c.internals.ConsumerCoordinator  : [Consumer clientId=consumer-library-events-group-1, groupId=library-events-group] Setting offset for partition library-events-2 to the committed offset FetchPosition{offset=0, offsetEpoch=Optional.empty, currentLeader=LeaderAndEpoch{leader=Optional[192.168.43.168:9092 (id: 0 rack: null)], epoch=0}}
2023-07-06T21:35:30.667+05:30  INFO 91128 --- [ntainer#0-0-C-1] o.a.k.c.c.internals.ConsumerCoordinator  : [Consumer clientId=consumer-library-events-group-1, groupId=library-events-group] Setting offset for partition library-events-0 to the committed offset FetchPosition{offset=2, offsetEpoch=Optional.empty, currentLeader=LeaderAndEpoch{leader=Optional[192.168.43.168:9092 (id: 0 rack: null)], epoch=0}}
2023-07-06T21:35:30.677+05:30  INFO 91128 --- [ntainer#0-0-C-1] o.s.k.l.KafkaMessageListenerContainer    : library-events-group: partitions assigned: [library-events-0, library-events-1, library-events-2]
2023-07-06T21:35:30.740+05:30  INFO 91128 --- [ntainer#0-0-C-1] c.K.C.consumer.LibraryEventConsumer      : consumer record : ConsumerRecord(topic = library-events, partition = 0, leaderEpoch = 0, offset = 2, CreateTime = 1688659311169, serialized key size = 4, serialized value size = 83, headers = RecordHeaders(headers = [], isReadOnly = false), key = 1, value = {"id":1,"libraryEventType":"NEW","book":{"id":"1","author":"alex","name":"Design"}}) 
]]></system-out>
  </testcase>
</testsuite>